# JRE version: Java(TM) SE Runtime Environment (9.0+11) (build 9.0.4+11)
# Java VM: Java HotSpot(TM) 64-Bit Server VM (9.0.4+11, mixed mode, tiered, compressed oops, g1 gc, linux-amd64)
Heap:
 garbage-first heap   total 524288K, used 42243K [0x00000006c0000000, 0x00000006c0101000, 0x00000007c0000000)
  region size 1024K, 30 young (30720K), 18 survivors (18432K)
 Metaspace       used 20572K, capacity 22102K, committed 22400K, reserved 1069056K
  class space    used 1949K, capacity 2342K, committed 2432K, reserved 1048576K
GC Heap History (6 events):
Event: 2.176 GC heap before
{Heap before GC invocations=0 (full 0):
 garbage-first heap   total 524288K, used 25600K [0x00000006c0000000, 0x00000006c0101000, 0x00000007c0000000)
  region size 1024K, 25 young (25600K), 0 survivors (0K)
 Metaspace       used 11973K, capacity 12320K, committed 12544K, reserved 1060864K
  class space    used 1178K, capacity 1244K, committed 1280K, reserved 1048576K
}
Event: 2.184 GC heap after
{Heap after GC invocations=1 (full 0):
 garbage-first heap   total 524288K, used 5869K [0x00000006c0000000, 0x00000006c0101000, 0x00000007c0000000)
  region size 1024K, 4 young (4096K), 4 survivors (4096K)
 Metaspace       used 11973K, capacity 12320K, committed 12544K, reserved 1060864K
  class space    used 1178K, capacity 1244K, committed 1280K, reserved 1048576K
}
Event: 7.132 GC heap before
{Heap before GC invocations=1 (full 0):
 garbage-first heap   total 524288K, used 200429K [0x00000006c0000000, 0x00000006c0101000, 0x00000007c0000000)
  region size 1024K, 193 young (197632K), 4 survivors (4096K)
 Metaspace       used 16193K, capacity 17308K, committed 17408K, reserved 1064960K
  class space    used 1540K, capacity 1761K, committed 1792K, reserved 1048576K
}
Event: 7.148 GC heap after
{Heap after GC invocations=2 (full 0):
 garbage-first heap   total 524288K, used 28029K [0x00000006c0000000, 0x00000006c0101000, 0x00000007c0000000)
  region size 1024K, 25 young (25600K), 25 survivors (25600K)
 Metaspace       used 16193K, capacity 17308K, committed 17408K, reserved 1064960K
  class space    used 1540K, capacity 1761K, committed 1792K, reserved 1048576K
}
Event: 9.652 GC heap before
{Heap before GC invocations=2 (full 0):
 garbage-first heap   total 524288K, used 102781K [0x00000006c0000000, 0x00000006c0101000, 0x00000007c0000000)
  region size 1024K, 98 young (100352K), 25 survivors (25600K)
 Metaspace       used 19702K, capacity 21142K, committed 21248K, reserved 1069056K
  class space    used 1848K, capacity 2217K, committed 2304K, reserved 1048576K
}
Event: 9.674 GC heap after
{Heap after GC invocations=3 (full 0):
 garbage-first heap   total 524288K, used 33027K [0x00000006c0000000, 0x00000006c0101000, 0x00000007c0000000)
  region size 1024K, 18 young (18432K), 18 survivors (18432K)
 Metaspace       used 19702K, capacity 21142K, committed 21248K, reserved 1069056K
  class space    used 1848K, capacity 2217K, committed 2304K, reserved 1048576K
}

